2026-04-25 00:59:28 - URI: /sigrrus/ - URL_PARAM: NONE
2026-04-25 00:59:38 - URI: /sigrrus/home/setEnv/production - URL_PARAM: home/setEnv/production
2026-04-25 00:59:38 - URI: /sigrrus/auth/login - URL_PARAM: auth/login
2026-04-25 00:59:43 - URI: /sigrrus/auth/login - URL_PARAM: auth/login
2026-04-25 00:59:44 - URI: /sigrrus/dashboard - URL_PARAM: dashboard
2026-04-25 01:00:01 - URI: /sigrrus/grupo/dirigentes - URL_PARAM: grupo/dirigentes
2026-04-25 01:00:07 - URI: /sigrrus/dashboard - URL_PARAM: dashboard
2026-04-25 01:00:09 - URI: /sigrrus/tecnico - URL_PARAM: tecnico
2026-04-25 01:00:14 - URI: /sigrrus/tecnico/limpiarSistema - URL_PARAM: tecnico/limpiarSistema
2026-04-25 01:00:15 - URI: /sigrrus/tecnico - URL_PARAM: tecnico
2026-04-25 01:00:18 - URI: /sigrrus/dashboard - URL_PARAM: dashboard
2026-04-25 01:01:03 - URI: /sigrrus/grupo/dirigentes - URL_PARAM: grupo/dirigentes
2026-04-25 01:01:09 - URI: /sigrrus/dashboard - URL_PARAM: dashboard
2026-04-25 01:01:18 - URI: /sigrrus/tecnico - URL_PARAM: tecnico
2026-04-25 01:01:34 - URI: /sigrrus/dashboard - URL_PARAM: dashboard
2026-04-25 01:01:41 - URI: /sigrrus/unidades/1/beneficiarios - URL_PARAM: unidades/1/beneficiarios
2026-04-25 01:01:43 - URI: /sigrrus/dashboard - URL_PARAM: dashboard
2026-04-25 01:01:46 - URI: /sigrrus/unidades/2/beneficiarios - URL_PARAM: unidades/2/beneficiarios
2026-04-25 01:01:48 - URI: /sigrrus/dashboard - URL_PARAM: dashboard
2026-04-25 01:01:51 - URI: /sigrrus/grupo/apoderados - URL_PARAM: grupo/apoderados
2026-04-25 01:01:54 - URI: /sigrrus/dashboard - URL_PARAM: dashboard
2026-04-25 01:01:59 - URI: /sigrrus/grupo/dirigentes - URL_PARAM: grupo/dirigentes
2026-04-25 01:02:03 - URI: /sigrrus/grupo/editarDirigente/2 - URL_PARAM: grupo/editarDirigente/2
2026-04-25 01:02:08 - URI: /sigrrus/grupo/dirigentes - URL_PARAM: grupo/dirigentes
2026-04-25 01:06:44 - URI: /sigrrus/grupo/dirigentes - URL_PARAM: grupo/dirigentes
2026-04-25 01:08:24 - URI: /sigrrus/dirigentes/eliminar/3 - URL_PARAM: dirigentes/eliminar/3
2026-04-25 01:08:24 - URI: /sigrrus/grupo/dirigentes - URL_PARAM: grupo/dirigentes
2026-04-25 01:08:27 - URI: /sigrrus/dirigentes/eliminar/2 - URL_PARAM: dirigentes/eliminar/2
2026-04-25 01:08:27 - URI: /sigrrus/grupo/dirigentes - URL_PARAM: grupo/dirigentes
2026-04-25 01:08:36 - URI: /sigrrus/dashboard - URL_PARAM: dashboard
2026-04-25 01:08:48 - URI: /sigrrus/auth/logout - URL_PARAM: auth/logout
2026-04-25 01:08:48 - URI: /sigrrus/ - URL_PARAM: NONE
2026-04-25 01:08:58 - URI: /sigrrus/home/setEnv/testing - URL_PARAM: home/setEnv/testing
2026-04-25 01:08:58 - URI: /sigrrus/auth/login - URL_PARAM: auth/login
2026-04-25 01:09:01 - URI: /sigrrus/ - URL_PARAM: NONE
2026-04-25 01:09:01 - URI: /sigrrus/auth/login - URL_PARAM: auth/login
2026-04-25 01:09:05 - URI: /sigrrus/auth/login - URL_PARAM: auth/login
2026-04-25 01:10:40 - URI: /sigrrus/home/setEnv/testing - URL_PARAM: home/setEnv/testing
2026-04-25 01:10:40 - URI: /sigrrus/auth/login - URL_PARAM: auth/login
2026-04-25 01:10:46 - URI: /sigrrus/auth/login - URL_PARAM: auth/login
2026-04-25 01:10:46 - URI: /sigrrus/dashboard - URL_PARAM: dashboard
2026-04-25 01:10:53 - URI: /sigrrus/grupo/dirigentes - URL_PARAM: grupo/dirigentes
2026-04-25 01:10:57 - URI: /sigrrus/dashboard - URL_PARAM: dashboard
2026-04-25 01:11:01 - URI: /sigrrus/grupo/apoderados - URL_PARAM: grupo/apoderados
2026-04-25 01:11:03 - URI: /sigrrus/dashboard - URL_PARAM: dashboard
2026-04-25 01:11:19 - URI: /sigrrus/auth/logout - URL_PARAM: auth/logout
2026-04-25 01:11:19 - URI: /sigrrus/ - URL_PARAM: NONE
2026-04-25 01:11:21 - URI: /sigrrus/home/setEnv/production - URL_PARAM: home/setEnv/production
2026-04-25 01:11:21 - URI: /sigrrus/auth/login - URL_PARAM: auth/login
2026-04-25 01:11:25 - URI: /sigrrus/auth/login - URL_PARAM: auth/login
2026-04-25 01:11:26 - URI: /sigrrus/dashboard - URL_PARAM: dashboard
2026-04-25 01:12:18 - URI: /sigrrus/tecnico - URL_PARAM: tecnico
2026-04-25 01:12:20 - URI: /sigrrus/dashboard - URL_PARAM: dashboard
2026-04-25 01:12:23 - URI: /sigrrus/auth/logout - URL_PARAM: auth/logout
2026-04-25 01:12:23 - URI: /sigrrus/ - URL_PARAM: NONE
2026-04-25 01:12:25 - URI: /sigrrus/home/setEnv/testing - URL_PARAM: home/setEnv/testing
2026-04-25 01:12:25 - URI: /sigrrus/auth/login - URL_PARAM: auth/login
2026-04-25 01:12:30 - URI: /sigrrus/auth/login - URL_PARAM: auth/login
2026-04-25 01:12:30 - URI: /sigrrus/dashboard - URL_PARAM: dashboard
2026-04-25 01:12:34 - URI: /sigrrus/tecnico - URL_PARAM: tecnico
2026-04-25 01:12:37 - URI: /sigrrus/tecnico/cargaMasiva - URL_PARAM: tecnico/cargaMasiva
2026-04-25 01:18:12 - URI: /sigrrus/tecnico/cargaMasiva - URL_PARAM: tecnico/cargaMasiva
2026-04-25 01:18:12 - URI: /sigrrus/tecnico - URL_PARAM: tecnico
2026-04-25 01:18:23 - URI: /sigrrus/dashboard - URL_PARAM: dashboard
2026-04-25 01:18:30 - URI: /sigrrus/auth/logout - URL_PARAM: auth/logout
2026-04-25 01:18:30 - URI: /sigrrus/ - URL_PARAM: NONE
2026-04-25 01:18:32 - URI: /sigrrus/home/setEnv/production - URL_PARAM: home/setEnv/production
2026-04-25 01:18:32 - URI: /sigrrus/auth/login - URL_PARAM: auth/login
2026-04-25 01:18:36 - URI: /sigrrus/auth/login - URL_PARAM: auth/login
2026-04-25 01:18:37 - URI: /sigrrus/dashboard - URL_PARAM: dashboard
2026-04-25 01:18:46 - URI: /sigrrus/grupo/dirigentes - URL_PARAM: grupo/dirigentes
2026-04-25 01:18:48 - URI: /sigrrus/dashboard - URL_PARAM: dashboard
2026-04-25 01:18:51 - URI: /sigrrus/grupo/apoderados - URL_PARAM: grupo/apoderados
2026-04-25 01:18:53 - URI: /sigrrus/dashboard - URL_PARAM: dashboard
2026-04-25 01:21:02 - URI: /sigrrus/grupo/config - URL_PARAM: grupo/config
2026-04-25 01:21:04 - URI: /sigrrus/dashboard - URL_PARAM: dashboard
2026-04-25 01:21:14 - URI: /sigrrus/tecnico - URL_PARAM: tecnico
2026-04-25 01:22:01 - URI: /sigrrus/dashboard - URL_PARAM: dashboard
2026-04-25 01:22:13 - URI: /sigrrus/auth/logout - URL_PARAM: auth/logout
2026-04-25 01:22:13 - URI: /sigrrus/ - URL_PARAM: NONE
2026-04-25 01:22:14 - URI: /sigrrus/home/setEnv/testing - URL_PARAM: home/setEnv/testing
2026-04-25 01:22:14 - URI: /sigrrus/auth/login - URL_PARAM: auth/login
2026-04-25 01:22:19 - URI: /sigrrus/auth/login - URL_PARAM: auth/login
2026-04-25 01:22:19 - URI: /sigrrus/dashboard - URL_PARAM: dashboard
2026-04-25 01:22:31 - URI: /sigrrus/tecnico - URL_PARAM: tecnico
2026-04-25 01:22:36 - URI: /sigrrus/dashboard - URL_PARAM: dashboard
2026-04-25 01:22:40 - URI: /sigrrus/grupo/dirigentes - URL_PARAM: grupo/dirigentes
2026-04-25 01:22:42 - URI: /sigrrus/dashboard - URL_PARAM: dashboard
2026-04-25 01:22:47 - URI: /sigrrus/grupo/apoderados - URL_PARAM: grupo/apoderados
2026-04-25 01:22:54 - URI: /sigrrus/dashboard - URL_PARAM: dashboard
2026-04-25 01:22:57 - URI: /sigrrus/unidades/2/ciclo - URL_PARAM: unidades/2/ciclo
2026-04-25 01:23:09 - URI: /sigrrus/auth/logout - URL_PARAM: auth/logout
2026-04-25 01:23:09 - URI: /sigrrus/ - URL_PARAM: NONE
2026-04-25 01:23:11 - URI: /sigrrus/home/setEnv/production - URL_PARAM: home/setEnv/production
2026-04-25 01:23:11 - URI: /sigrrus/auth/login - URL_PARAM: auth/login
2026-04-25 01:23:15 - URI: /sigrrus/auth/login - URL_PARAM: auth/login
2026-04-25 01:23:15 - URI: /sigrrus/dashboard - URL_PARAM: dashboard
2026-04-25 01:23:20 - URI: /sigrrus/unidades/1/beneficiarios - URL_PARAM: unidades/1/beneficiarios
2026-04-25 01:23:21 - URI: /sigrrus/dashboard - URL_PARAM: dashboard
2026-04-25 01:24:20 - URI: /sigrrus/tecnico - URL_PARAM: tecnico
2026-04-25 01:24:24 - URI: /sigrrus/dashboard - URL_PARAM: dashboard
2026-04-25 01:24:28 - URI: /sigrrus/grupo/dirigentes - URL_PARAM: grupo/dirigentes
2026-04-25 01:24:30 - URI: /sigrrus/dashboard - URL_PARAM: dashboard
2026-04-25 01:27:54 - URI: /sigrrus/dashboard - URL_PARAM: dashboard
2026-04-25 01:28:09 - URI: /sigrrus/tecnico - URL_PARAM: tecnico
2026-04-25 01:28:56 - URI: /sigrrus/dashboard - URL_PARAM: dashboard
2026-04-25 01:29:45 - URI: /sigrrus/auth/switchRole/Responsable+de+Unidad - URL_PARAM: auth/switchRole/Responsable de Unidad
2026-04-25 01:29:45 - URI: /sigrrus/dashboard - URL_PARAM: dashboard
2026-04-25 01:29:48 - URI: /sigrrus/auth/switchRole/Apoderado - URL_PARAM: auth/switchRole/Apoderado
2026-04-25 01:29:48 - URI: /sigrrus/dashboard - URL_PARAM: dashboard
2026-04-25 01:29:53 - URI: /sigrrus/auth/switchRole/Superusuario - URL_PARAM: auth/switchRole/Superusuario
2026-04-25 01:29:53 - URI: /sigrrus/dashboard - URL_PARAM: dashboard
2026-04-25 01:30:00 - URI: /sigrrus/unidades/2/inventario - URL_PARAM: unidades/2/inventario
2026-04-25 01:30:02 - URI: /sigrrus/dashboard - URL_PARAM: dashboard
2026-04-25 01:30:04 - URI: /sigrrus/auth/logout - URL_PARAM: auth/logout
2026-04-25 01:30:04 - URI: /sigrrus/ - URL_PARAM: NONE
2026-04-25 01:30:06 - URI: /sigrrus/home/setEnv/testing - URL_PARAM: home/setEnv/testing
2026-04-25 01:30:06 - URI: /sigrrus/auth/login - URL_PARAM: auth/login
2026-04-25 01:30:11 - URI: /sigrrus/auth/login - URL_PARAM: auth/login
2026-04-25 01:30:11 - URI: /sigrrus/dashboard - URL_PARAM: dashboard
2026-04-25 01:30:18 - URI: /sigrrus/tecnico - URL_PARAM: tecnico
2026-04-25 01:30:23 - URI: /sigrrus/dashboard - URL_PARAM: dashboard
2026-04-25 01:30:34 - URI: /sigrrus/auth/logout - URL_PARAM: auth/logout
2026-04-25 01:30:34 - URI: /sigrrus/ - URL_PARAM: NONE
2026-04-25 01:30:36 - URI: /sigrrus/home/setEnv/production - URL_PARAM: home/setEnv/production
2026-04-25 01:30:36 - URI: /sigrrus/auth/login - URL_PARAM: auth/login
2026-04-25 01:30:41 - URI: /sigrrus/auth/login - URL_PARAM: auth/login
2026-04-25 01:30:41 - URI: /sigrrus/dashboard - URL_PARAM: dashboard
2026-04-25 01:33:13 - URI: /sigrrus/grupo/config - URL_PARAM: grupo/config
2026-04-25 01:33:20 - URI: /sigrrus/dashboard - URL_PARAM: dashboard
2026-04-25 01:41:19 - URI: /sigrrus/tecnico - URL_PARAM: tecnico
2026-04-25 01:41:25 - URI: /sigrrus/dashboard - URL_PARAM: dashboard
2026-04-25 01:41:29 - URI: /sigrrus/grupo/config - URL_PARAM: grupo/config
2026-04-25 01:41:41 - URI: /sigrrus/dashboard - URL_PARAM: dashboard
2026-04-25 01:51:30 - URI: /sigrrus/ - URL_PARAM: NONE
2026-04-25 01:51:53 - URI: /sigrrus/home/setEnv/testing - URL_PARAM: home/setEnv/testing
2026-04-25 01:51:53 - URI: /sigrrus/auth/login - URL_PARAM: auth/login
2026-04-25 01:51:53 - URI: /sigrrus/dashboard - URL_PARAM: dashboard
2026-04-25 01:52:02 - URI: /sigrrus/auth/logout - URL_PARAM: auth/logout
2026-04-25 01:52:02 - URI: /sigrrus/ - URL_PARAM: NONE
2026-04-25 01:52:18 - URI: /sigrrus/home/setEnv/testing - URL_PARAM: home/setEnv/testing
2026-04-25 01:52:18 - URI: /sigrrus/auth/login - URL_PARAM: auth/login
2026-04-25 01:52:39 - URI: /sigrrus/auth/login - URL_PARAM: auth/login
2026-04-25 01:52:55 - URI: /sigrrus/auth/login - URL_PARAM: auth/login
2026-04-25 01:53:09 - URI: /sigrrus/auth/forgotPassword - URL_PARAM: auth/forgotPassword
2026-04-25 01:53:15 - URI: /sigrrus/home/setEnv/testing - URL_PARAM: home/setEnv/testing
2026-04-25 01:53:15 - URI: /sigrrus/auth/login - URL_PARAM: auth/login
2026-04-25 01:53:24 - URI: /sigrrus/ - URL_PARAM: NONE
2026-04-25 01:53:24 - URI: /sigrrus/auth/login - URL_PARAM: auth/login
2026-04-25 01:53:31 - URI: /sigrrus/dashboard - URL_PARAM: dashboard
2026-04-25 01:53:31 - URI: /sigrrus/auth/login - URL_PARAM: auth/login
2026-04-25 01:53:41 - URI: /sigrrus/ - URL_PARAM: NONE
2026-04-25 01:53:41 - URI: /sigrrus/auth/login - URL_PARAM: auth/login
2026-04-25 01:53:58 - URI: /sigrrus/auth/forgotPassword - URL_PARAM: auth/forgotPassword
2026-04-25 01:54:08 - URI: /sigrrus/auth/login - URL_PARAM: auth/login
2026-04-25 01:54:20 - URI: /sigrrus/auth/login - URL_PARAM: auth/login
2026-04-25 01:54:32 - URI: /sigrrus/auth/forgotPassword - URL_PARAM: auth/forgotPassword
2026-04-25 01:54:40 - URI: /sigrrus/auth/login - URL_PARAM: auth/login
2026-04-25 01:54:43 - URI: /sigrrus/auth/login - URL_PARAM: auth/login
2026-04-25 01:54:43 - URI: /sigrrus/dashboard - URL_PARAM: dashboard
2026-04-25 01:55:35 - URI: /sigrrus/tecnico - URL_PARAM: tecnico
2026-04-25 01:56:46 - URI: /sigrrus/tecnico/crearAnio - URL_PARAM: tecnico/crearAnio
2026-04-25 01:56:46 - URI: /sigrrus/tecnico - URL_PARAM: tecnico
2026-04-25 01:57:09 - URI: /sigrrus/tecnico/eliminarAnioBorrador/20272027 - URL_PARAM: tecnico/eliminarAnioBorrador/20272027
2026-04-25 01:57:09 - URI: /sigrrus/tecnico - URL_PARAM: tecnico
2026-04-25 01:57:34 - URI: /sigrrus/tecnico/crearAnio - URL_PARAM: tecnico/crearAnio
2026-04-25 01:57:34 - URI: /sigrrus/tecnico - URL_PARAM: tecnico
2026-04-25 01:58:05 - URI: /sigrrus/tecnico/eliminarAnioBorrador/20272027 - URL_PARAM: tecnico/eliminarAnioBorrador/20272027
2026-04-25 01:58:05 - URI: /sigrrus/tecnico - URL_PARAM: tecnico
2026-04-25 01:58:30 - URI: /sigrrus/tecnico/crearAnio - URL_PARAM: tecnico/crearAnio
2026-04-25 01:58:30 - URI: /sigrrus/tecnico - URL_PARAM: tecnico
2026-04-25 01:58:39 - URI: /sigrrus/dashboard - URL_PARAM: dashboard
2026-04-25 01:59:19 - URI: /sigrrus/home/switchYear/2027 - URL_PARAM: home/switchYear/2027
2026-04-25 01:59:24 - URI: /sigrrus/dashboard - URL_PARAM: dashboard
2026-04-25 01:59:52 - URI: /sigrrus/unidades/1/beneficiarios - URL_PARAM: unidades/1/beneficiarios
2026-04-25 02:00:04 - URI: /sigrrus/dashboard - URL_PARAM: dashboard
2026-04-25 02:00:14 - URI: /sigrrus/tecnico - URL_PARAM: tecnico
2026-04-25 02:00:40 - URI: /sigrrus/tecnico/activarAnio/2027 - URL_PARAM: tecnico/activarAnio/2027
2026-04-25 02:00:40 - URI: /sigrrus/tecnico - URL_PARAM: tecnico
2026-04-25 02:03:16 - URI: /sigrrus/dashboard - URL_PARAM: dashboard
2026-04-25 02:05:39 - URI: /sigrrus/dashboard - URL_PARAM: dashboard
2026-04-25 02:05:44 - URI: /sigrrus/dashboard - URL_PARAM: dashboard
2026-04-25 02:05:53 - URI: /sigrrus/grupo/dirigentes - URL_PARAM: grupo/dirigentes
2026-04-25 02:06:07 - URI: /sigrrus/grupo/dirigentes - URL_PARAM: grupo/dirigentes
2026-04-25 02:08:36 - URI: /sigrrus/grupo/dirigentes - URL_PARAM: grupo/dirigentes
2026-04-25 02:08:53 - URI: /sigrrus/dashboard - URL_PARAM: dashboard
2026-04-25 02:09:00 - URI: /sigrrus/tecnico - URL_PARAM: tecnico
2026-04-25 02:14:28 - URI: /sigrrus/grupo/config - URL_PARAM: grupo/config
2026-04-25 02:14:32 - URI: /sigrrus/dashboard - URL_PARAM: dashboard
2026-04-25 02:14:36 - URI: /sigrrus/tecnico - URL_PARAM: tecnico
2026-04-25 02:14:40 - URI: /sigrrus/tecnico/toggleDebug - URL_PARAM: tecnico/toggleDebug
2026-04-25 02:14:40 - URI: /sigrrus/tecnico - URL_PARAM: tecnico
2026-04-25 02:14:45 - URI: /sigrrus/dashboard - URL_PARAM: dashboard
2026-04-25 02:14:49 - URI: /sigrrus/tecnico - URL_PARAM: tecnico
2026-04-25 02:14:50 - URI: /sigrrus/tecnico/toggleDebug - URL_PARAM: tecnico/toggleDebug
2026-04-25 02:14:50 - URI: /sigrrus/tecnico - URL_PARAM: tecnico
2026-04-25 02:14:59 - URI: /sigrrus/dashboard - URL_PARAM: dashboard
2026-04-25 02:15:11 - URI: /sigrrus/unidades/1/hoja-ruta - URL_PARAM: unidades/1/hoja-ruta
2026-04-25 02:15:13 - URI: /sigrrus/dashboard - URL_PARAM: dashboard
2026-04-25 02:15:20 - URI: /sigrrus/auth/switchRole/Responsable+de+Unidad - URL_PARAM: auth/switchRole/Responsable de Unidad
2026-04-25 02:15:20 - URI: /sigrrus/dashboard - URL_PARAM: dashboard
2026-04-25 02:15:22 - URI: /sigrrus/auth/switchRole/Apoderado - URL_PARAM: auth/switchRole/Apoderado
2026-04-25 02:15:22 - URI: /sigrrus/dashboard - URL_PARAM: dashboard
2026-04-25 02:15:24 - URI: /sigrrus/auth/switchRole/Superusuario - URL_PARAM: auth/switchRole/Superusuario
2026-04-25 02:15:24 - URI: /sigrrus/dashboard - URL_PARAM: dashboard
2026-04-25 02:15:25 - URI: /sigrrus/auth/switchRole/Apoderado - URL_PARAM: auth/switchRole/Apoderado
2026-04-25 02:15:25 - URI: /sigrrus/dashboard - URL_PARAM: dashboard
2026-04-25 02:18:23 - URI: /sigrrus/dashboard - URL_PARAM: dashboard
2026-04-25 02:18:32 - URI: /sigrrus/apoderados/vincular/ - URL_PARAM: apoderados/vincular/
2026-04-25 02:18:40 - URI: /sigrrus/apoderados/vincular/?tab=nuevo - URL_PARAM: apoderados/vincular/
2026-04-25 02:18:44 - URI: /sigrrus/apoderados/vincular/ - URL_PARAM: apoderados/vincular/
2026-04-25 02:19:04 - URI: /sigrrus/apoderados/vincular/?tab=nuevo - URL_PARAM: apoderados/vincular/
2026-04-25 02:19:15 - URI: /sigrrus/apoderados/vincular/?tab=nuevo - URL_PARAM: apoderados/vincular/
2026-04-25 02:22:08 - URI: /sigrrus/apoderados/vincular/?tab=nuevo - URL_PARAM: apoderados/vincular/
2026-04-25 02:22:20 - URI: /sigrrus/grupo/apoderados - URL_PARAM: grupo/apoderados
2026-04-25 02:22:31 - URI: /sigrrus/ - URL_PARAM: NONE
2026-04-25 02:22:31 - URI: /sigrrus/auth/login - URL_PARAM: auth/login
2026-04-25 02:22:31 - URI: /sigrrus/dashboard - URL_PARAM: dashboard
2026-04-25 02:22:35 - URI: /sigrrus/apoderados/vincular/1?tab=nuevo - URL_PARAM: apoderados/vincular/1
2026-04-25 02:22:38 - URI: /sigrrus/grupo/apoderados - URL_PARAM: grupo/apoderados
2026-04-25 02:23:54 - URI: /sigrrus/grupo/apoderados - URL_PARAM: grupo/apoderados
2026-04-25 02:29:53 - URI: /sigrrus/grupo/apoderados - URL_PARAM: grupo/apoderados
2026-04-25 02:29:58 - URI: /sigrrus/grupo/apoderados - URL_PARAM: grupo/apoderados
2026-04-25 02:32:21 - URI: /sigrrus/grupo/apoderados - URL_PARAM: grupo/apoderados
2026-04-25 02:32:26 - URI: /sigrrus/grupo/apoderados - URL_PARAM: grupo/apoderados
2026-04-25 02:32:27 - URI: /sigrrus/grupo/apoderados - URL_PARAM: grupo/apoderados
2026-04-25 02:32:30 - URI: /sigrrus/grupo/apoderados - URL_PARAM: grupo/apoderados
2026-04-25 02:32:30 - URI: /sigrrus/apoderados/vincular/1?tab=nuevo - URL_PARAM: apoderados/vincular/1
2026-04-25 02:32:32 - URI: /sigrrus/dashboard - URL_PARAM: dashboard
2026-04-25 02:49:35 - URI: /sigrrus/dashboard - URL_PARAM: dashboard
2026-04-25 02:49:37 - URI: /sigrrus/dashboard - URL_PARAM: dashboard
2026-04-25 03:49:50 - URI: /sigrrus/ - URL_PARAM: NONE
2026-04-25 03:49:50 - URI: /sigrrus/auth/login - URL_PARAM: auth/login
2026-04-25 03:49:50 - URI: /sigrrus/dashboard - URL_PARAM: dashboard
2026-04-25 03:49:53 - URI: /sigrrus/auth/logout - URL_PARAM: auth/logout
2026-04-25 03:49:53 - URI: /sigrrus/ - URL_PARAM: NONE
2026-04-25 03:50:07 - URI: /sigrrus/home/setEnv/production - URL_PARAM: home/setEnv/production
2026-04-25 03:50:07 - URI: /sigrrus/auth/login - URL_PARAM: auth/login
2026-04-25 03:50:11 - URI: /sigrrus/auth/login - URL_PARAM: auth/login
2026-04-25 03:50:12 - URI: /sigrrus/dashboard - URL_PARAM: dashboard
2026-04-25 03:50:23 - URI: /sigrrus/unidades/1/beneficiarios - URL_PARAM: unidades/1/beneficiarios
2026-04-25 03:50:25 - URI: /sigrrus/dashboard - URL_PARAM: dashboard
2026-04-25 03:50:31 - URI: /sigrrus/auth/switchRole/Responsable+de+Unidad - URL_PARAM: auth/switchRole/Responsable de Unidad
2026-04-25 03:50:31 - URI: /sigrrus/dashboard - URL_PARAM: dashboard
2026-04-25 03:50:42 - URI: /sigrrus/auth/switchRole/Apoderado - URL_PARAM: auth/switchRole/Apoderado
2026-04-25 03:50:42 - URI: /sigrrus/dashboard - URL_PARAM: dashboard
2026-04-25 03:50:49 - URI: /sigrrus/auth/switchRole/Superusuario - URL_PARAM: auth/switchRole/Superusuario
2026-04-25 03:50:49 - URI: /sigrrus/dashboard - URL_PARAM: dashboard
2026-04-25 03:50:53 - URI: /sigrrus/grupo/inventario - URL_PARAM: grupo/inventario
2026-04-25 03:50:54 - URI: /sigrrus/dashboard - URL_PARAM: dashboard
2026-04-25 03:51:01 - URI: /sigrrus/grupo/finanzas - URL_PARAM: grupo/finanzas
2026-04-25 03:51:03 - URI: /sigrrus/dashboard - URL_PARAM: dashboard
2026-04-25 03:51:07 - URI: /sigrrus/grupo/consejo - URL_PARAM: grupo/consejo
2026-04-25 03:51:11 - URI: /sigrrus/dashboard - URL_PARAM: dashboard
2026-04-25 03:51:15 - URI: /sigrrus/grupo/dirigentes - URL_PARAM: grupo/dirigentes
2026-04-25 03:51:19 - URI: /sigrrus/auth/logout - URL_PARAM: auth/logout
2026-04-25 03:51:19 - URI: /sigrrus/ - URL_PARAM: NONE
2026-04-25 03:51:23 - URI: /sigrrus/home/setEnv/testing - URL_PARAM: home/setEnv/testing
2026-04-25 03:51:23 - URI: /sigrrus/auth/login - URL_PARAM: auth/login
2026-04-25 03:51:27 - URI: /sigrrus/auth/login - URL_PARAM: auth/login
2026-04-25 03:51:28 - URI: /sigrrus/dashboard - URL_PARAM: dashboard
2026-04-25 03:51:32 - URI: /sigrrus/grupo/dirigentes - URL_PARAM: grupo/dirigentes
2026-04-25 03:51:38 - URI: /sigrrus/dashboard - URL_PARAM: dashboard
2026-04-25 03:51:40 - URI: /sigrrus/grupo/apoderados - URL_PARAM: grupo/apoderados
2026-04-25 03:51:44 - URI: /sigrrus/dashboard - URL_PARAM: dashboard
2026-04-25 03:51:47 - URI: /sigrrus/unidades/1/beneficiarios - URL_PARAM: unidades/1/beneficiarios
2026-04-25 03:53:00 - URI: /sigrrus/unidades/1/beneficiarios - URL_PARAM: unidades/1/beneficiarios
2026-04-25 03:57:33 - URI: /sigrrus/unidades/1/beneficiarios - URL_PARAM: unidades/1/beneficiarios
2026-04-25 03:57:35 - URI: /sigrrus/dashboard - URL_PARAM: dashboard
2026-04-25 03:57:38 - URI: /sigrrus/unidades/1/beneficiarios - URL_PARAM: unidades/1/beneficiarios
2026-04-25 04:05:01 - URI: /sigrrus/unidades/1/beneficiarios - URL_PARAM: unidades/1/beneficiarios
2026-04-25 04:05:03 - URI: /sigrrus/dashboard - URL_PARAM: dashboard
2026-04-25 04:06:03 - URI: /sigrrus/unidades/1/apoderados - URL_PARAM: unidades/1/apoderados
2026-04-25 04:06:05 - URI: /sigrrus/dashboard - URL_PARAM: dashboard
2026-04-25 04:06:07 - URI: /sigrrus/unidades/1/ciclo - URL_PARAM: unidades/1/ciclo
2026-04-25 04:06:10 - URI: /sigrrus/dashboard - URL_PARAM: dashboard
2026-04-25 04:06:13 - URI: /sigrrus/unidades/1/campamentos - URL_PARAM: unidades/1/campamentos
2026-04-25 04:15:17 - URI: /sigrrus/unidades/1/campamentos - URL_PARAM: unidades/1/campamentos
2026-04-25 19:58:23 - URI: /sigrrus/auth/logout - URL_PARAM: auth/logout
2026-04-25 19:58:23 - URI: /sigrrus/ - URL_PARAM: NONE
2026-04-25 20:12:29 - URI: /sigrrus/home/setEnv/production - URL_PARAM: home/setEnv/production
2026-04-25 20:12:29 - URI: /sigrrus/auth/login - URL_PARAM: auth/login
2026-04-25 20:12:35 - URI: /sigrrus/auth/login - URL_PARAM: auth/login
2026-04-25 20:12:36 - URI: /sigrrus/dashboard - URL_PARAM: dashboard
2026-04-25 20:12:54 - URI: /sigrrus/grupo/dirigentes - URL_PARAM: grupo/dirigentes
2026-04-25 20:12:56 - URI: /sigrrus/dashboard - URL_PARAM: dashboard
2026-04-25 20:13:16 - URI: /sigrrus/auth/switchRole/Responsable+de+Unidad - URL_PARAM: auth/switchRole/Responsable de Unidad
2026-04-25 20:13:16 - URI: /sigrrus/dashboard - URL_PARAM: dashboard
2026-04-25 20:13:22 - URI: /sigrrus/unidades/5/ciclo - URL_PARAM: unidades/5/ciclo
2026-04-25 20:13:25 - URI: /sigrrus/dashboard - URL_PARAM: dashboard
2026-04-25 20:13:48 - URI: /sigrrus/auth/switchRole/Superusuario - URL_PARAM: auth/switchRole/Superusuario
2026-04-25 20:13:48 - URI: /sigrrus/dashboard - URL_PARAM: dashboard
2026-04-25 20:13:56 - URI: /sigrrus/grupo/fichas - URL_PARAM: grupo/fichas
2026-04-25 20:14:00 - URI: /sigrrus/dashboard - URL_PARAM: dashboard
2026-04-25 20:14:14 - URI: /sigrrus/grupo/consejo - URL_PARAM: grupo/consejo
2026-04-25 20:16:21 - URI: /sigrrus/dashboard - URL_PARAM: dashboard
2026-04-25 20:16:28 - URI: /sigrrus/unidades/5/finanzas - URL_PARAM: unidades/5/finanzas
2026-04-25 20:16:55 - URI: /sigrrus/dashboard - URL_PARAM: dashboard
2026-04-25 20:18:42 - URI: /sigrrus/auth/logout - URL_PARAM: auth/logout
2026-04-25 20:18:42 - URI: /sigrrus/ - URL_PARAM: NONE
2026-04-25 21:26:09 - URI: /sigrrus/home/setEnv/production - URL_PARAM: home/setEnv/production
2026-04-25 21:26:09 - URI: /sigrrus/auth/login - URL_PARAM: auth/login
2026-04-25 21:26:19 - URI: /sigrrus/auth/login - URL_PARAM: auth/login
2026-04-25 21:26:20 - URI: /sigrrus/dashboard - URL_PARAM: dashboard
2026-04-25 21:26:35 - URI: /sigrrus/auth/switchRole/Responsable+de+Unidad - URL_PARAM: auth/switchRole/Responsable de Unidad
2026-04-25 21:26:35 - URI: /sigrrus/dashboard - URL_PARAM: dashboard
2026-04-25 21:26:38 - URI: /sigrrus/unidades/5/beneficiarios - URL_PARAM: unidades/5/beneficiarios
2026-04-25 21:26:40 - URI: /sigrrus/dashboard - URL_PARAM: dashboard
2026-04-25 21:26:41 - URI: /sigrrus/unidades/5/apoderados - URL_PARAM: unidades/5/apoderados
2026-04-25 21:26:43 - URI: /sigrrus/dashboard - URL_PARAM: dashboard
2026-04-25 21:26:44 - URI: /sigrrus/unidades/5/ciclo - URL_PARAM: unidades/5/ciclo
2026-04-25 21:26:45 - URI: /sigrrus/dashboard - URL_PARAM: dashboard
2026-04-25 21:26:47 - URI: /sigrrus/unidades/5/hoja-ruta - URL_PARAM: unidades/5/hoja-ruta
2026-04-25 21:26:49 - URI: /sigrrus/unidades/5/hoja-ruta/crear - URL_PARAM: unidades/5/hoja-ruta/crear
2026-04-25 21:26:52 - URI: /sigrrus/unidades/5/hoja-ruta - URL_PARAM: unidades/5/hoja-ruta
2026-04-25 21:26:53 - URI: /sigrrus/dashboard - URL_PARAM: dashboard
2026-04-25 22:19:40 - URI: /sigrrus/unidades/5/hoja-ruta - URL_PARAM: unidades/5/hoja-ruta
2026-04-26 00:09:51 - URI: /sigrrus/dashboard - URL_PARAM: dashboard
2026-04-26 00:09:53 - URI: /sigrrus/auth/logout - URL_PARAM: auth/logout
2026-04-26 00:09:53 - URI: /sigrrus/ - URL_PARAM: NONE
2026-04-26 00:10:01 - URI: /sigrrus/home/setEnv/production - URL_PARAM: home/setEnv/production
2026-04-26 00:10:01 - URI: /sigrrus/auth/login - URL_PARAM: auth/login
2026-04-26 00:10:07 - URI: /sigrrus/auth/login - URL_PARAM: auth/login
2026-04-26 00:10:07 - URI: /sigrrus/dashboard - URL_PARAM: dashboard
2026-04-26 00:10:53 - URI: /sigrrus/grupo/fichas - URL_PARAM: grupo/fichas
2026-04-26 00:11:02 - URI: /sigrrus/dashboard - URL_PARAM: dashboard
2026-04-26 00:11:06 - URI: /sigrrus/grupo/dirigentes - URL_PARAM: grupo/dirigentes
2026-04-26 00:11:13 - URI: /sigrrus/grupo/editarDirigente/1 - URL_PARAM: grupo/editarDirigente/1
2026-04-26 00:11:21 - URI: /sigrrus/grupo/dirigentes - URL_PARAM: grupo/dirigentes
2026-04-26 00:11:29 - URI: /sigrrus/auth/switchRole/Responsable+de+Unidad - URL_PARAM: auth/switchRole/Responsable de Unidad
2026-04-26 00:11:29 - URI: /sigrrus/dashboard - URL_PARAM: dashboard
2026-04-26 00:11:40 - URI: /sigrrus/auth/switchRole/Superusuario - URL_PARAM: auth/switchRole/Superusuario
2026-04-26 00:11:40 - URI: /sigrrus/dashboard - URL_PARAM: dashboard
2026-04-26 00:12:09 - URI: /sigrrus/unidades/1/ciclo - URL_PARAM: unidades/1/ciclo
2026-04-26 00:12:31 - URI: /sigrrus/dashboard - URL_PARAM: dashboard
2026-04-26 00:12:35 - URI: /sigrrus/unidades/1/hoja-ruta - URL_PARAM: unidades/1/hoja-ruta
2026-04-26 00:12:37 - URI: /sigrrus/unidades/1/hoja-ruta/crear - URL_PARAM: unidades/1/hoja-ruta/crear
2026-04-26 00:12:58 - URI: /sigrrus/unidades/1/hoja-ruta - URL_PARAM: unidades/1/hoja-ruta
2026-04-26 00:13:02 - URI: /sigrrus/dashboard - URL_PARAM: dashboard
2026-04-26 00:13:21 - URI: /sigrrus/auth/logout - URL_PARAM: auth/logout
2026-04-26 00:13:21 - URI: /sigrrus/ - URL_PARAM: NONE
2026-04-26 00:13:22 - URI: /sigrrus/home/setEnv/testing - URL_PARAM: home/setEnv/testing
2026-04-26 00:13:22 - URI: /sigrrus/auth/login - URL_PARAM: auth/login
2026-04-26 00:13:26 - URI: /sigrrus/auth/login - URL_PARAM: auth/login
2026-04-26 00:13:33 - URI: /sigrrus/auth/login - URL_PARAM: auth/login
2026-04-26 00:13:40 - URI: /sigrrus/auth/login - URL_PARAM: auth/login
2026-04-26 00:13:59 - URI: /sigrrus/auth/login - URL_PARAM: auth/login
2026-04-26 00:14:00 - URI: /sigrrus/ - URL_PARAM: NONE
2026-04-26 00:14:00 - URI: /sigrrus/auth/login - URL_PARAM: auth/login
2026-04-26 00:14:10 - URI: /sigrrus/ - URL_PARAM: NONE
2026-04-26 00:14:10 - URI: /sigrrus/auth/login - URL_PARAM: auth/login
2026-04-26 00:14:14 - URI: /sigrrus/auth/login - URL_PARAM: auth/login
2026-04-26 00:14:18 - URI: /sigrrus/ - URL_PARAM: NONE
2026-04-26 00:14:18 - URI: /sigrrus/auth/login - URL_PARAM: auth/login
2026-04-26 00:14:22 - URI: /sigrrus/ - URL_PARAM: NONE
2026-04-26 00:14:22 - URI: /sigrrus/auth/login - URL_PARAM: auth/login
2026-04-26 00:14:24 - URI: /sigrrus/ - URL_PARAM: NONE
2026-04-26 00:14:24 - URI: /sigrrus/auth/login - URL_PARAM: auth/login
2026-04-26 00:14:24 - URI: /sigrrus/ - URL_PARAM: NONE
2026-04-26 00:14:24 - URI: /sigrrus/auth/login - URL_PARAM: auth/login
2026-04-26 00:14:24 - URI: /sigrrus/ - URL_PARAM: NONE
2026-04-26 00:14:24 - URI: /sigrrus/auth/login - URL_PARAM: auth/login
2026-04-26 00:14:25 - URI: /sigrrus/ - URL_PARAM: NONE
2026-04-26 00:14:25 - URI: /sigrrus/auth/login - URL_PARAM: auth/login
2026-04-26 00:14:30 - URI: /sigrrus/ - URL_PARAM: NONE
2026-04-26 00:14:30 - URI: /sigrrus/auth/login - URL_PARAM: auth/login
2026-04-26 00:14:34 - URI: /sigrrus/tecnico - URL_PARAM: tecnico
2026-04-26 00:14:43 - URI: /sigrrus/tecnico - URL_PARAM: tecnico
2026-04-26 00:16:26 - URI: /sigrrus/auth/login - URL_PARAM: auth/login
2026-04-26 00:16:31 - URI: /sigrrus/ - URL_PARAM: NONE
2026-04-26 00:16:39 - URI: /sigrrus/ - URL_PARAM: NONE
2026-04-26 00:16:39 - URI: /sigrrus/auth/login - URL_PARAM: auth/login
2026-04-26 00:16:44 - URI: /sigrrus/ - URL_PARAM: NONE
2026-04-26 00:16:44 - URI: /sigrrus/auth/login - URL_PARAM: auth/login
2026-04-26 00:16:49 - URI: /sigrrus/home/setEnv/production - URL_PARAM: home/setEnv/production
2026-04-26 00:16:49 - URI: /sigrrus/auth/login - URL_PARAM: auth/login
2026-04-26 00:57:10 - URI: /sigrrus/auth/login - URL_PARAM: auth/login
2026-04-26 00:57:26 - URI: /sigrrus/ - URL_PARAM: NONE
2026-04-26 00:57:26 - URI: /sigrrus/auth/login - URL_PARAM: auth/login
2026-04-26 01:17:26 - URI: /sigrrus/auth/login - URL_PARAM: auth/login
2026-04-26 01:17:37 - URI: /sigrrus/auth/login - URL_PARAM: auth/login
2026-04-26 01:17:37 - URI: /sigrrus/dashboard - URL_PARAM: dashboard
2026-04-26 01:21:20 - URI: /sigrrus/auth/switchRole/Responsable+de+Unidad - URL_PARAM: auth/switchRole/Responsable de Unidad
2026-04-26 01:21:20 - URI: /sigrrus/dashboard - URL_PARAM: dashboard
2026-04-26 01:21:32 - URI: /sigrrus/unidades/5/beneficiarios - URL_PARAM: unidades/5/beneficiarios
2026-04-26 01:21:38 - URI: /sigrrus/dashboard - URL_PARAM: dashboard
2026-04-26 01:21:38 - URI: /sigrrus/unidades/5/apoderados - URL_PARAM: unidades/5/apoderados
2026-04-26 01:21:46 - URI: /sigrrus/dashboard - URL_PARAM: dashboard
2026-04-26 01:21:48 - URI: /sigrrus/unidades/5/ciclo - URL_PARAM: unidades/5/ciclo
2026-04-26 01:22:22 - URI: /sigrrus/dashboard - URL_PARAM: dashboard
2026-04-26 01:22:30 - URI: /sigrrus/unidades/5/hoja-ruta - URL_PARAM: unidades/5/hoja-ruta
2026-04-26 01:22:32 - URI: /sigrrus/unidades/5/hoja-ruta/crear - URL_PARAM: unidades/5/hoja-ruta/crear
2026-04-26 01:23:00 - URI: /sigrrus/unidades/5/hoja-ruta - URL_PARAM: unidades/5/hoja-ruta
2026-04-26 01:23:11 - URI: /sigrrus/dashboard - URL_PARAM: dashboard
2026-04-26 01:23:17 - URI: /sigrrus/unidades/5/fichas - URL_PARAM: unidades/5/fichas
2026-04-26 01:23:23 - URI: /sigrrus/dashboard - URL_PARAM: dashboard
2026-04-26 01:23:59 - URI: /sigrrus/auth/switchRole/Apoderado - URL_PARAM: auth/switchRole/Apoderado
2026-04-26 01:23:59 - URI: /sigrrus/dashboard - URL_PARAM: dashboard
2026-04-26 01:24:23 - URI: /sigrrus/auth/login - URL_PARAM: auth/login
2026-04-26 01:24:30 - URI: /sigrrus/auth/login - URL_PARAM: auth/login
2026-04-26 01:24:33 - URI: /sigrrus/dashboard - URL_PARAM: dashboard
2026-04-26 01:24:33 - URI: /sigrrus/auth/login - URL_PARAM: auth/login
2026-04-28 06:28:55 - URI: /sigrrus/ - URL_PARAM: NONE
2026-04-28 06:29:08 - URI: /sigrrus/home/setEnv/testing - URL_PARAM: home/setEnv/testing
2026-04-28 06:29:08 - URI: /sigrrus/auth/login - URL_PARAM: auth/login
2026-04-28 06:29:10 - URI: /sigrrus/?switch_env=true - URL_PARAM: NONE
2026-04-28 06:29:14 - URI: /sigrrus/home/setEnv/production - URL_PARAM: home/setEnv/production
2026-04-28 06:29:14 - URI: /sigrrus/auth/login - URL_PARAM: auth/login
2026-04-28 06:29:17 - URI: /sigrrus/?switch_env=true - URL_PARAM: NONE
2026-04-28 06:29:23 - URI: /sigrrus/ - URL_PARAM: NONE
2026-04-28 06:29:46 - URI: /sigrrus/home/setEnv/production - URL_PARAM: home/setEnv/production
2026-04-28 06:29:46 - URI: /sigrrus/auth/login - URL_PARAM: auth/login
2026-04-28 06:29:54 - URI: /sigrrus/?switch_env=true - URL_PARAM: NONE
2026-04-28 06:33:19 - URI: /sigrrus/home/setEnv/production - URL_PARAM: home/setEnv/production
2026-04-28 06:33:19 - URI: /sigrrus/auth/login - URL_PARAM: auth/login
2026-04-28 06:33:25 - URI: /sigrrus/auth/login - URL_PARAM: auth/login
2026-04-28 06:33:25 - URI: /sigrrus/dashboard - URL_PARAM: dashboard
2026-04-28 06:33:28 - URI: /sigrrus/tecnico - URL_PARAM: tecnico
2026-04-28 06:36:56 - URI: /sigrrus/tecnico - URL_PARAM: tecnico
2026-04-28 06:48:24 - URI: /sigrrus/dashboard - URL_PARAM: dashboard
2026-04-28 06:48:28 - URI: /sigrrus/grupo/consejo - URL_PARAM: grupo/consejo
2026-04-28 06:48:57 - URI: /sigrrus/grupo/agregarMiembroConsejo - URL_PARAM: grupo/agregarMiembroConsejo
2026-04-28 06:48:57 - URI: /sigrrus/grupo/consejo - URL_PARAM: grupo/consejo
2026-04-28 06:49:27 - URI: /sigrrus/grupo/eliminarMiembroConsejo/1 - URL_PARAM: grupo/eliminarMiembroConsejo/1
2026-04-28 06:49:27 - URI: /sigrrus/grupo/consejo - URL_PARAM: grupo/consejo
2026-04-28 06:49:29 - URI: /sigrrus/dashboard - URL_PARAM: dashboard
2026-04-28 06:53:25 - URI: /sigrrus/auth/logout - URL_PARAM: auth/logout
2026-04-28 06:53:25 - URI: /sigrrus/ - URL_PARAM: NONE
2026-04-28 06:53:27 - URI: /sigrrus/home/setEnv/testing - URL_PARAM: home/setEnv/testing
2026-04-28 06:53:28 - URI: /sigrrus/auth/login - URL_PARAM: auth/login
2026-04-28 06:53:33 - URI: /sigrrus/auth/login - URL_PARAM: auth/login
2026-04-28 06:53:42 - URI: /sigrrus/auth/login - URL_PARAM: auth/login
2026-04-28 06:53:53 - URI: /sigrrus/auth/login - URL_PARAM: auth/login
2026-04-28 06:59:19 - URI: /sigrrus/auth/login - URL_PARAM: auth/login
2026-04-28 07:05:00 - URI: /sigrrus/auth/login - URL_PARAM: auth/login
2026-04-28 07:05:01 - URI: /sigrrus/dashboard - URL_PARAM: dashboard
2026-04-28 07:05:05 - URI: /sigrrus/dashboard - URL_PARAM: dashboard
2026-04-28 07:15:28 - URI: /sigrrus/dashboard - URL_PARAM: dashboard
2026-04-28 07:15:34 - URI: /sigrrus/dashboard - URL_PARAM: dashboard
2026-04-28 07:15:36 - URI: /sigrrus/auth/logout - URL_PARAM: auth/logout
2026-04-28 07:15:36 - URI: /sigrrus/ - URL_PARAM: NONE
2026-04-28 07:15:38 - URI: /sigrrus/home/setEnv/production - URL_PARAM: home/setEnv/production
2026-04-28 07:15:38 - URI: /sigrrus/auth/login - URL_PARAM: auth/login
2026-04-28 07:15:44 - URI: /sigrrus/auth/login - URL_PARAM: auth/login
2026-04-28 07:15:45 - URI: /sigrrus/dashboard - URL_PARAM: dashboard
2026-04-28 07:16:01 - URI: /sigrrus/tecnico - URL_PARAM: tecnico
2026-04-28 07:16:23 - URI: /sigrrus/tecnico - URL_PARAM: tecnico
2026-04-28 07:17:00 - URI: /sigrrus/tecnico - URL_PARAM: tecnico
2026-04-28 07:18:37 - URI: /sigrrus/tecnico - URL_PARAM: tecnico
2026-04-28 07:18:44 - URI: /sigrrus/auth/logout - URL_PARAM: auth/logout
2026-04-28 07:18:44 - URI: /sigrrus/ - URL_PARAM: NONE
2026-04-28 07:18:46 - URI: /sigrrus/home/setEnv/testing - URL_PARAM: home/setEnv/testing
2026-04-28 07:18:46 - URI: /sigrrus/auth/login - URL_PARAM: auth/login
2026-04-28 07:18:52 - URI: /sigrrus/auth/login - URL_PARAM: auth/login
2026-04-28 07:18:52 - URI: /sigrrus/dashboard - URL_PARAM: dashboard
2026-04-28 07:18:56 - URI: /sigrrus/tecnico - URL_PARAM: tecnico
2026-04-28 07:19:02 - URI: /sigrrus/tecnico/cargaMasiva - URL_PARAM: tecnico/cargaMasiva
2026-04-28 07:19:02 - URI: /sigrrus/tecnico - URL_PARAM: tecnico
2026-04-28 07:19:09 - URI: /sigrrus/dashboard - URL_PARAM: dashboard
2026-04-28 07:19:12 - URI: /sigrrus/grupo/consejo - URL_PARAM: grupo/consejo
2026-04-28 07:19:19 - URI: /sigrrus/grupo/verActa/7 - URL_PARAM: grupo/verActa/7
2026-04-28 07:19:28 - URI: /sigrrus/grupo/imprimirActa/7 - URL_PARAM: grupo/imprimirActa/7
2026-04-28 07:19:58 - URI: /sigrrus/grupo/consejo - URL_PARAM: grupo/consejo
2026-04-28 07:20:02 - URI: /sigrrus/grupo/verActa/7 - URL_PARAM: grupo/verActa/7
2026-04-28 07:20:04 - URI: /sigrrus/grupo/consejo - URL_PARAM: grupo/consejo
2026-04-28 07:32:39 - URI: /sigrrus/grupo/consejo - URL_PARAM: grupo/consejo
2026-04-28 07:32:46 - URI: /sigrrus/grupo/verActa/7 - URL_PARAM: grupo/verActa/7
2026-04-28 07:32:56 - URI: /sigrrus/grupo/proponerModificacion - URL_PARAM: grupo/proponerModificacion
2026-04-28 07:32:56 - URI: /sigrrus/grupo/verActa/7 - URL_PARAM: grupo/verActa/7
2026-04-28 21:00:45 - URI: /sigrrus/grupo/consejo - URL_PARAM: grupo/consejo
2026-04-28 21:00:48 - URI: /sigrrus/grupo/verActa/7 - URL_PARAM: grupo/verActa/7
2026-04-28 21:00:51 - URI: /sigrrus/grupo/consejo - URL_PARAM: grupo/consejo
2026-04-28 21:01:00 - URI: /sigrrus/dashboard - URL_PARAM: dashboard
2026-04-28 21:01:11 - URI: /sigrrus/tecnico - URL_PARAM: tecnico
2026-04-28 21:01:23 - URI: /sigrrus/tecnico/cargaMasiva - URL_PARAM: tecnico/cargaMasiva
2026-04-28 21:04:00 - URI: /sigrrus/tecnico - URL_PARAM: tecnico
2026-04-28 21:04:07 - URI: /sigrrus/dashboard - URL_PARAM: dashboard
2026-04-28 21:04:42 - URI: /sigrrus/tecnico - URL_PARAM: tecnico
2026-04-28 21:04:47 - URI: /sigrrus/auth/logout - URL_PARAM: auth/logout
2026-04-28 21:04:47 - URI: /sigrrus/ - URL_PARAM: NONE
2026-04-28 21:04:49 - URI: /sigrrus/home/setEnv/testing - URL_PARAM: home/setEnv/testing
2026-04-28 21:04:49 - URI: /sigrrus/auth/login - URL_PARAM: auth/login
2026-04-28 21:04:54 - URI: /sigrrus/auth/login - URL_PARAM: auth/login
2026-04-28 21:04:54 - URI: /sigrrus/dashboard - URL_PARAM: dashboard
2026-04-28 21:05:10 - URI: /sigrrus/tecnico - URL_PARAM: tecnico
2026-04-28 22:38:20 - URI: /sigrrus/dashboard - URL_PARAM: dashboard
2026-04-28 22:38:22 - URI: /sigrrus/auth/logout - URL_PARAM: auth/logout
2026-04-28 22:38:22 - URI: /sigrrus/ - URL_PARAM: NONE
2026-04-28 22:38:24 - URI: /sigrrus/home/setEnv/production - URL_PARAM: home/setEnv/production
2026-04-28 22:38:24 - URI: /sigrrus/auth/login - URL_PARAM: auth/login
2026-04-29 04:48:48 - URI: /sigrrus/auth/login - URL_PARAM: auth/login
2026-04-29 04:48:52 - URI: /sigrrus/?switch_env=true - URL_PARAM: NONE
2026-04-29 05:01:37 - URI: /sigrrus/home/setEnv/production - URL_PARAM: home/setEnv/production
2026-04-29 05:01:37 - URI: /sigrrus/auth/login - URL_PARAM: auth/login
2026-04-29 05:01:43 - URI: /sigrrus/auth/login - URL_PARAM: auth/login
2026-04-29 05:01:44 - URI: /sigrrus/dashboard - URL_PARAM: dashboard
2026-04-29 05:04:16 - URI: /sigrrus/dashboard - URL_PARAM: dashboard
2026-04-29 05:04:19 - URI: /sigrrus/dashboard - URL_PARAM: dashboard
2026-04-29 05:04:29 - URI: /sigrrus/auth/login - URL_PARAM: auth/login
2026-04-29 05:04:29 - URI: /sigrrus/dashboard - URL_PARAM: dashboard
2026-04-29 05:05:37 - URI: /sigrrus/dashboard - URL_PARAM: dashboard
2026-04-29 05:05:46 - URI: /sigrrus/tecnico - URL_PARAM: tecnico
2026-04-29 05:07:49 - URI: /sigrrus/tecnico - URL_PARAM: tecnico
2026-04-29 05:43:26 - URI: /sigrrus/tecnico - URL_PARAM: tecnico
2026-04-29 05:43:31 - URI: /sigrrus/tecnico/buscarActualizaciones - URL_PARAM: tecnico/buscarActualizaciones
2026-04-29 05:43:31 - URI: /sigrrus/tecnico - URL_PARAM: tecnico
2026-04-29 05:43:35 - URI: /sigrrus/tecnico/buscarActualizaciones - URL_PARAM: tecnico/buscarActualizaciones
2026-04-29 05:43:35 - URI: /sigrrus/tecnico - URL_PARAM: tecnico
2026-04-29 05:43:53 - URI: /sigrrus/dashboard - URL_PARAM: dashboard
2026-04-29 05:44:04 - URI: /sigrrus/unidades/2/inventario - URL_PARAM: unidades/2/inventario
2026-04-29 05:44:06 - URI: /sigrrus/dashboard - URL_PARAM: dashboard
2026-04-29 05:58:31 - URI: /sigrrus/tecnico - URL_PARAM: tecnico
2026-04-29 05:58:35 - URI: /sigrrus/tecnico/buscarActualizaciones - URL_PARAM: tecnico/buscarActualizaciones
2026-04-29 05:58:35 - URI: /sigrrus/tecnico - URL_PARAM: tecnico
2026-04-29 06:16:19 - URI: /sigrrus/tecnico - URL_PARAM: tecnico
2026-04-29 06:16:29 - URI: /sigrrus/tecnico/aplicarParches - URL_PARAM: tecnico/aplicarParches
2026-04-29 06:16:29 - URI: /sigrrus/tecnico - URL_PARAM: tecnico
2026-04-29 06:22:25 - URI: /sigrrus/tecnico - URL_PARAM: tecnico
2026-04-29 06:22:46 - URI: /sigrrus/tecnico/buscarActualizaciones - URL_PARAM: tecnico/buscarActualizaciones
2026-04-29 06:22:46 - URI: /sigrrus/tecnico - URL_PARAM: tecnico
2026-04-29 06:39:46 - URI: /sigrrus/tecnico - URL_PARAM: tecnico
2026-04-29 06:39:49 - URI: /sigrrus/dashboard - URL_PARAM: dashboard
2026-04-29 06:40:20 - URI: /sigrrus/unidades/4/beneficiarios - URL_PARAM: unidades/4/beneficiarios
2026-04-29 16:35:55 - URI: /sigrrus/ - URL_PARAM: NONE
2026-04-29 16:36:07 - URI: /sigrrus/ - URL_PARAM: NONE
2026-04-29 16:37:10 - URI: /sigrrus/ - URL_PARAM: NONE
2026-04-29 17:53:44 - URI: /sigrrus/ - URL_PARAM: NONE
2026-04-29 19:38:25 - URI: /sigrrus/ - URL_PARAM: NONE
2026-04-29 19:44:55 - URI: /sigrrus/ - URL_PARAM: NONE
2026-04-29 20:34:41 - URI: /sigrrus/ - URL_PARAM: NONE
2026-04-29 20:57:32 - URI: /sigrrus/ - URL_PARAM: NONE
2026-04-29 20:57:34 - URI: /sigrrus/ - URL_PARAM: NONE
2026-04-29 20:59:25 - URI: /sigrrus/ - URL_PARAM: NONE
2026-04-29 21:00:01 - URI: /sigrrus/ - URL_PARAM: NONE
